2024-05-02 08:11  INFO [project.local.LocalApplication] Starting LocalApplication using Java 11.0.21 on macdduck with PID 34744 (C:\GitHub\map-team-final-project\hello\back\JihoGivenchy-back-local\local\build\classes\java\main started by knh96 in C:\GitHub\map-team-final-project\hello\back\JihoGivenchy-back-local\local)
2024-05-02 08:11  INFO [project.local.LocalApplication] No active profile set, falling back to 1 default profile: "default"
2024-05-02 08:11  INFO [org.springframework.data.repository.config.RepositoryConfigurationDelegate] Bootstrapping Spring Data JPA repositories in DEFAULT mode.
2024-05-02 08:11  INFO [org.springframework.data.repository.config.RepositoryConfigurationDelegate] Finished Spring Data repository scanning in 134 ms. Found 5 JPA repository interfaces.
2024-05-02 08:11  INFO [org.springframework.boot.web.embedded.tomcat.TomcatWebServer] Tomcat initialized with port(s): 8080 (http)
2024-05-02 08:11  INFO [org.apache.coyote.http11.Http11NioProtocol] Initializing ProtocolHandler ["http-nio-8080"]
2024-05-02 08:11  INFO [org.apache.catalina.core.StandardService] Starting service [Tomcat]
2024-05-02 08:11  INFO [org.apache.catalina.core.StandardEngine] Starting Servlet engine: [Apache Tomcat/9.0.69]
2024-05-02 08:11  INFO [org.apache.catalina.core.ContainerBase.[Tomcat].[localhost].[/]] Initializing Spring embedded WebApplicationContext
2024-05-02 08:11  INFO [org.springframework.boot.web.servlet.context.ServletWebServerApplicationContext] Root WebApplicationContext: initialization completed in 1666 ms
2024-05-02 08:11  INFO [org.hibernate.jpa.internal.util.LogHelper] HHH000204: Processing PersistenceUnitInfo [name: default]
2024-05-02 08:11  INFO [org.hibernate.Version] HHH000412: Hibernate ORM core version 5.6.14.Final
2024-05-02 08:11  INFO [org.hibernate.annotations.common.Version] HCANN000001: Hibernate Commons Annotations {5.1.2.Final}
2024-05-02 08:11  INFO [com.zaxxer.hikari.HikariDataSource] HikariPool-1 - Starting...
2024-05-02 08:11  INFO [com.zaxxer.hikari.HikariDataSource] HikariPool-1 - Start completed.
2024-05-02 08:11  INFO [org.hibernate.dialect.Dialect] HHH000400: Using dialect: org.hibernate.dialect.MySQL8Dialect
2024-05-02 08:11  INFO [org.hibernate.engine.transaction.jta.platform.internal.JtaPlatformInitiator] HHH000490: Using JtaPlatform implementation: [org.hibernate.engine.transaction.jta.platform.internal.NoJtaPlatform]
2024-05-02 08:11  INFO [org.springframework.orm.jpa.LocalContainerEntityManagerFactoryBean] Initialized JPA EntityManagerFactory for persistence unit 'default'
2024-05-02 08:11  INFO [org.springframework.security.web.DefaultSecurityFilterChain] Will secure any request with [org.springframework.security.web.session.DisableEncodeUrlFilter@24890021, org.springframework.security.web.context.request.async.WebAsyncManagerIntegrationFilter@613ba54e, org.springframework.security.web.context.SecurityContextPersistenceFilter@8de8b07, org.springframework.security.web.header.HeaderWriterFilter@96448ee, org.springframework.web.filter.CorsFilter@27422187, org.springframework.security.web.authentication.logout.LogoutFilter@3f919230, project.local.controller.sign.jwt.JWTFilter@7205a8b7, project.local.controller.sign.jwt.LoginFilter@1ee126de, org.springframework.security.web.savedrequest.RequestCacheAwareFilter@3fc7abf6, org.springframework.security.web.servletapi.SecurityContextHolderAwareRequestFilter@3a720ae3, org.springframework.security.web.authentication.AnonymousAuthenticationFilter@22cce199, org.springframework.security.web.session.SessionManagementFilter@1d6dc2b8, org.springframework.security.web.access.ExceptionTranslationFilter@6164b3a2, org.springframework.security.web.access.intercept.AuthorizationFilter@71c69628]
2024-05-02 08:11  WARN [org.springframework.boot.autoconfigure.orm.jpa.JpaBaseConfiguration$JpaWebConfiguration] spring.jpa.open-in-view is enabled by default. Therefore, database queries may be performed during view rendering. Explicitly configure spring.jpa.open-in-view to disable this warning
2024-05-02 08:11  INFO [org.apache.coyote.http11.Http11NioProtocol] Starting ProtocolHandler ["http-nio-8080"]
2024-05-02 08:11  INFO [org.springframework.boot.web.embedded.tomcat.TomcatWebServer] Tomcat started on port(s): 8080 (http) with context path ''
2024-05-02 08:11  INFO [project.local.LocalApplication] Started LocalApplication in 5.904 seconds (JVM running for 6.847)
2024-05-02 08:12  INFO [org.apache.catalina.core.ContainerBase.[Tomcat].[localhost].[/]] Initializing Spring DispatcherServlet 'dispatcherServlet'
2024-05-02 08:12  INFO [org.springframework.web.servlet.DispatcherServlet] Initializing Servlet 'dispatcherServlet'
2024-05-02 08:12  INFO [org.springframework.web.servlet.DispatcherServlet] Completed initialization in 2 ms
2024-05-02 09:23  INFO [project.local.LocalApplication] Starting LocalApplication using Java 11.0.21 on macdduck with PID 42276 (C:\GitHub\map-team-final-project\hello\back\JihoGivenchy-back-local\local\build\classes\java\main started by knh96 in C:\GitHub\map-team-final-project\hello\back\JihoGivenchy-back-local\local)
2024-05-02 09:23  INFO [project.local.LocalApplication] No active profile set, falling back to 1 default profile: "default"
2024-05-02 09:23  INFO [org.springframework.data.repository.config.RepositoryConfigurationDelegate] Bootstrapping Spring Data JPA repositories in DEFAULT mode.
2024-05-02 09:23  INFO [org.springframework.data.repository.config.RepositoryConfigurationDelegate] Finished Spring Data repository scanning in 69 ms. Found 5 JPA repository interfaces.
2024-05-02 09:23  INFO [org.springframework.boot.web.embedded.tomcat.TomcatWebServer] Tomcat initialized with port(s): 8080 (http)
2024-05-02 09:23  INFO [org.apache.coyote.http11.Http11NioProtocol] Initializing ProtocolHandler ["http-nio-8080"]
2024-05-02 09:23  INFO [org.apache.catalina.core.StandardService] Starting service [Tomcat]
2024-05-02 09:23  INFO [org.apache.catalina.core.StandardEngine] Starting Servlet engine: [Apache Tomcat/9.0.69]
2024-05-02 09:23  INFO [org.apache.catalina.core.ContainerBase.[Tomcat].[localhost].[/]] Initializing Spring embedded WebApplicationContext
2024-05-02 09:23  INFO [org.springframework.boot.web.servlet.context.ServletWebServerApplicationContext] Root WebApplicationContext: initialization completed in 1347 ms
2024-05-02 09:23  INFO [org.hibernate.jpa.internal.util.LogHelper] HHH000204: Processing PersistenceUnitInfo [name: default]
2024-05-02 09:23  INFO [org.hibernate.Version] HHH000412: Hibernate ORM core version 5.6.14.Final
2024-05-02 09:23  INFO [org.hibernate.annotations.common.Version] HCANN000001: Hibernate Commons Annotations {5.1.2.Final}
2024-05-02 09:23  INFO [com.zaxxer.hikari.HikariDataSource] HikariPool-1 - Starting...
2024-05-02 09:23  INFO [com.zaxxer.hikari.HikariDataSource] HikariPool-1 - Start completed.
2024-05-02 09:23  INFO [org.hibernate.dialect.Dialect] HHH000400: Using dialect: org.hibernate.dialect.MySQL8Dialect
2024-05-02 09:23  INFO [org.hibernate.engine.transaction.jta.platform.internal.JtaPlatformInitiator] HHH000490: Using JtaPlatform implementation: [org.hibernate.engine.transaction.jta.platform.internal.NoJtaPlatform]
2024-05-02 09:23  INFO [org.springframework.orm.jpa.LocalContainerEntityManagerFactoryBean] Initialized JPA EntityManagerFactory for persistence unit 'default'
2024-05-02 09:23  INFO [org.springframework.security.web.DefaultSecurityFilterChain] Will secure any request with [org.springframework.security.web.session.DisableEncodeUrlFilter@5c6be812, org.springframework.security.web.context.request.async.WebAsyncManagerIntegrationFilter@19ee0a2f, org.springframework.security.web.context.SecurityContextPersistenceFilter@1718de70, org.springframework.security.web.header.HeaderWriterFilter@1016b44e, org.springframework.web.filter.CorsFilter@28796d0e, org.springframework.security.web.authentication.logout.LogoutFilter@3497ecea, project.local.controller.sign.jwt.JWTFilter@3cc548f6, project.local.controller.sign.jwt.LoginFilter@3fed0c04, org.springframework.security.web.savedrequest.RequestCacheAwareFilter@41736818, org.springframework.security.web.servletapi.SecurityContextHolderAwareRequestFilter@47cf922d, org.springframework.security.web.authentication.AnonymousAuthenticationFilter@563bd6a4, org.springframework.security.web.session.SessionManagementFilter@38e88e13, org.springframework.security.web.access.ExceptionTranslationFilter@7b55f0a6, org.springframework.security.web.access.intercept.AuthorizationFilter@22cce199]
2024-05-02 09:23  WARN [org.springframework.boot.autoconfigure.orm.jpa.JpaBaseConfiguration$JpaWebConfiguration] spring.jpa.open-in-view is enabled by default. Therefore, database queries may be performed during view rendering. Explicitly configure spring.jpa.open-in-view to disable this warning
2024-05-02 09:23  INFO [org.apache.coyote.http11.Http11NioProtocol] Starting ProtocolHandler ["http-nio-8080"]
2024-05-02 09:23  INFO [org.springframework.boot.web.embedded.tomcat.TomcatWebServer] Tomcat started on port(s): 8080 (http) with context path ''
2024-05-02 09:23  INFO [project.local.LocalApplication] Started LocalApplication in 5.229 seconds (JVM running for 6.016)
2024-05-02 09:23  INFO [org.apache.catalina.core.ContainerBase.[Tomcat].[localhost].[/]] Initializing Spring DispatcherServlet 'dispatcherServlet'
2024-05-02 09:23  INFO [org.springframework.web.servlet.DispatcherServlet] Initializing Servlet 'dispatcherServlet'
2024-05-02 09:23  INFO [org.springframework.web.servlet.DispatcherServlet] Completed initialization in 1 ms
2024-05-02 09:23  WARN [org.springframework.web.servlet.mvc.method.annotation.ExceptionHandlerExceptionResolver] Failure in @ExceptionHandler project.local.config.exception.GlobalExceptionHandler#ioExceoptionHandler(IOException)
org.apache.catalina.connector.ClientAbortException: java.io.IOException: 현재 연결은 사용자의 호스트 시스템의 소프트웨어의 의해 중단되었습니다
	at org.apache.catalina.connector.OutputBuffer.realWriteBytes(OutputBuffer.java:353) ~[tomcat-embed-core-9.0.69.jar:9.0.69]
	at org.apache.catalina.connector.OutputBuffer.flushByteBuffer(OutputBuffer.java:784) ~[tomcat-embed-core-9.0.69.jar:9.0.69]
	at org.apache.catalina.connector.OutputBuffer.append(OutputBuffer.java:689) ~[tomcat-embed-core-9.0.69.jar:9.0.69]
	at org.apache.catalina.connector.OutputBuffer.writeBytes(OutputBuffer.java:388) ~[tomcat-embed-core-9.0.69.jar:9.0.69]
	at org.apache.catalina.connector.OutputBuffer.write(OutputBuffer.java:366) ~[tomcat-embed-core-9.0.69.jar:9.0.69]
	at org.apache.catalina.connector.CoyoteOutputStream.write(CoyoteOutputStream.java:96) ~[tomcat-embed-core-9.0.69.jar:9.0.69]
	at org.springframework.security.web.util.OnCommittedResponseWrapper$SaveContextServletOutputStream.write(OnCommittedResponseWrapper.java:638) ~[spring-security-web-5.7.5.jar:5.7.5]
	at sun.nio.cs.StreamEncoder.writeBytes(StreamEncoder.java:233) ~[?:?]
	at sun.nio.cs.StreamEncoder.implFlushBuffer(StreamEncoder.java:312) ~[?:?]
	at sun.nio.cs.StreamEncoder.implFlush(StreamEncoder.java:316) ~[?:?]
	at sun.nio.cs.StreamEncoder.flush(StreamEncoder.java:153) ~[?:?]
	at java.io.OutputStreamWriter.flush(OutputStreamWriter.java:251) ~[?:?]
	at org.springframework.util.StreamUtils.copy(StreamUtils.java:148) ~[spring-core-5.3.24.jar:5.3.24]
	at org.springframework.http.converter.StringHttpMessageConverter.writeInternal(StringHttpMessageConverter.java:126) ~[spring-web-5.3.24.jar:5.3.24]
	at org.springframework.http.converter.StringHttpMessageConverter.writeInternal(StringHttpMessageConverter.java:44) ~[spring-web-5.3.24.jar:5.3.24]
	at org.springframework.http.converter.AbstractHttpMessageConverter.write(AbstractHttpMessageConverter.java:227) ~[spring-web-5.3.24.jar:5.3.24]
	at org.springframework.web.servlet.mvc.method.annotation.AbstractMessageConverterMethodProcessor.writeWithMessageConverters(AbstractMessageConverterMethodProcessor.java:293) ~[spring-webmvc-5.3.24.jar:5.3.24]
	at org.springframework.web.servlet.mvc.method.annotation.HttpEntityMethodProcessor.handleReturnValue(HttpEntityMethodProcessor.java:219) ~[spring-webmvc-5.3.24.jar:5.3.24]
	at org.springframework.web.method.support.HandlerMethodReturnValueHandlerComposite.handleReturnValue(HandlerMethodReturnValueHandlerComposite.java:78) ~[spring-web-5.3.24.jar:5.3.24]
	at org.springframework.web.servlet.mvc.method.annotation.ServletInvocableHandlerMethod.invokeAndHandle(ServletInvocableHandlerMethod.java:135) ~[spring-webmvc-5.3.24.jar:5.3.24]
	at org.springframework.web.servlet.mvc.method.annotation.ExceptionHandlerExceptionResolver.doResolveHandlerMethodException(ExceptionHandlerExceptionResolver.java:428) ~[spring-webmvc-5.3.24.jar:5.3.24]
	at org.springframework.web.servlet.handler.AbstractHandlerMethodExceptionResolver.doResolveException(AbstractHandlerMethodExceptionResolver.java:75) ~[spring-webmvc-5.3.24.jar:5.3.24]
	at org.springframework.web.servlet.handler.AbstractHandlerExceptionResolver.resolveException(AbstractHandlerExceptionResolver.java:142) ~[spring-webmvc-5.3.24.jar:5.3.24]
	at org.springframework.web.servlet.handler.HandlerExceptionResolverComposite.resolveException(HandlerExceptionResolverComposite.java:80) ~[spring-webmvc-5.3.24.jar:5.3.24]
	at org.springframework.web.servlet.DispatcherServlet.processHandlerException(DispatcherServlet.java:1331) ~[spring-webmvc-5.3.24.jar:5.3.24]
	at org.springframework.web.servlet.DispatcherServlet.processDispatchResult(DispatcherServlet.java:1142) ~[spring-webmvc-5.3.24.jar:5.3.24]
	at org.springframework.web.servlet.DispatcherServlet.doDispatch(DispatcherServlet.java:1088) ~[spring-webmvc-5.3.24.jar:5.3.24]
	at org.springframework.web.servlet.DispatcherServlet.doService(DispatcherServlet.java:964) ~[spring-webmvc-5.3.24.jar:5.3.24]
	at org.springframework.web.servlet.FrameworkServlet.processRequest(FrameworkServlet.java:1006) ~[spring-webmvc-5.3.24.jar:5.3.24]
	at org.springframework.web.servlet.FrameworkServlet.doGet(FrameworkServlet.java:898) ~[spring-webmvc-5.3.24.jar:5.3.24]
	at javax.servlet.http.HttpServlet.service(HttpServlet.java:670) ~[tomcat-embed-core-9.0.69.jar:4.0.FR]
	at org.springframework.web.servlet.FrameworkServlet.service(FrameworkServlet.java:883) ~[spring-webmvc-5.3.24.jar:5.3.24]
	at javax.servlet.http.HttpServlet.service(HttpServlet.java:779) ~[tomcat-embed-core-9.0.69.jar:4.0.FR]
	at org.apache.catalina.core.ApplicationFilterChain.internalDoFilter(ApplicationFilterChain.java:227) ~[tomcat-embed-core-9.0.69.jar:9.0.69]
	at org.apache.catalina.core.ApplicationFilterChain.doFilter(ApplicationFilterChain.java:162) ~[tomcat-embed-core-9.0.69.jar:9.0.69]
	at org.apache.tomcat.websocket.server.WsFilter.doFilter(WsFilter.java:53) ~[tomcat-embed-websocket-9.0.69.jar:9.0.69]
	at org.apache.catalina.core.ApplicationFilterChain.internalDoFilter(ApplicationFilterChain.java:189) ~[tomcat-embed-core-9.0.69.jar:9.0.69]
	at org.apache.catalina.core.ApplicationFilterChain.doFilter(ApplicationFilterChain.java:162) ~[tomcat-embed-core-9.0.69.jar:9.0.69]
	at org.springframework.security.web.FilterChainProxy$VirtualFilterChain.doFilter(FilterChainProxy.java:337) ~[spring-security-web-5.7.5.jar:5.7.5]
	at org.springframework.security.web.access.intercept.AuthorizationFilter.doFilter(AuthorizationFilter.java:96) ~[spring-security-web-5.7.5.jar:5.7.5]
	at org.springframework.security.web.FilterChainProxy$VirtualFilterChain.doFilter(FilterChainProxy.java:346) ~[spring-security-web-5.7.5.jar:5.7.5]
	at org.springframework.security.web.access.ExceptionTranslationFilter.doFilter(ExceptionTranslationFilter.java:122) ~[spring-security-web-5.7.5.jar:5.7.5]
	at org.springframework.security.web.access.ExceptionTranslationFilter.doFilter(ExceptionTranslationFilter.java:116) ~[spring-security-web-5.7.5.jar:5.7.5]
	at org.springframework.security.web.FilterChainProxy$VirtualFilterChain.doFilter(FilterChainProxy.java:346) ~[spring-security-web-5.7.5.jar:5.7.5]
	at org.springframework.security.web.session.SessionManagementFilter.doFilter(SessionManagementFilter.java:126) ~[spring-security-web-5.7.5.jar:5.7.5]
	at org.springframework.security.web.session.SessionManagementFilter.doFilter(SessionManagementFilter.java:81) ~[spring-security-web-5.7.5.jar:5.7.5]
	at org.springframework.security.web.FilterChainProxy$VirtualFilterChain.doFilter(FilterChainProxy.java:346) ~[spring-security-web-5.7.5.jar:5.7.5]
	at org.springframework.security.web.authentication.AnonymousAuthenticationFilter.doFilter(AnonymousAuthenticationFilter.java:109) ~[spring-security-web-5.7.5.jar:5.7.5]
	at org.springframework.security.web.FilterChainProxy$VirtualFilterChain.doFilter(FilterChainProxy.java:346) ~[spring-security-web-5.7.5.jar:5.7.5]
	at org.springframework.security.web.servletapi.SecurityContextHolderAwareRequestFilter.doFilter(SecurityContextHolderAwareRequestFilter.java:149) ~[spring-security-web-5.7.5.jar:5.7.5]
	at org.springframework.security.web.FilterChainProxy$VirtualFilterChain.doFilter(FilterChainProxy.java:346) ~[spring-security-web-5.7.5.jar:5.7.5]
	at org.springframework.security.web.savedrequest.RequestCacheAwareFilter.doFilter(RequestCacheAwareFilter.java:63) ~[spring-security-web-5.7.5.jar:5.7.5]
	at org.springframework.security.web.FilterChainProxy$VirtualFilterChain.doFilter(FilterChainProxy.java:346) ~[spring-security-web-5.7.5.jar:5.7.5]
	at org.springframework.security.web.authentication.AbstractAuthenticationProcessingFilter.doFilter(AbstractAuthenticationProcessingFilter.java:223) ~[spring-security-web-5.7.5.jar:5.7.5]
	at org.springframework.security.web.authentication.AbstractAuthenticationProcessingFilter.doFilter(AbstractAuthenticationProcessingFilter.java:217) ~[spring-security-web-5.7.5.jar:5.7.5]
	at org.springframework.security.web.FilterChainProxy$VirtualFilterChain.doFilter(FilterChainProxy.java:346) ~[spring-security-web-5.7.5.jar:5.7.5]
	at project.local.controller.sign.jwt.JWTFilter.doFilterInternal(JWTFilter.java:29) ~[main/:?]
	at org.springframework.web.filter.OncePerRequestFilter.doFilter(OncePerRequestFilter.java:117) ~[spring-web-5.3.24.jar:5.3.24]
	at org.springframework.security.web.FilterChainProxy$VirtualFilterChain.doFilter(FilterChainProxy.java:346) ~[spring-security-web-5.7.5.jar:5.7.5]
	at org.springframework.security.web.authentication.logout.LogoutFilter.doFilter(LogoutFilter.java:103) ~[spring-security-web-5.7.5.jar:5.7.5]
	at org.springframework.security.web.authentication.logout.LogoutFilter.doFilter(LogoutFilter.java:89) ~[spring-security-web-5.7.5.jar:5.7.5]
	at org.springframework.security.web.FilterChainProxy$VirtualFilterChain.doFilter(FilterChainProxy.java:346) ~[spring-security-web-5.7.5.jar:5.7.5]
	at org.springframework.web.filter.CorsFilter.doFilterInternal(CorsFilter.java:91) ~[spring-web-5.3.24.jar:5.3.24]
	at org.springframework.web.filter.OncePerRequestFilter.doFilter(OncePerRequestFilter.java:117) ~[spring-web-5.3.24.jar:5.3.24]
	at org.springframework.security.web.FilterChainProxy$VirtualFilterChain.doFilter(FilterChainProxy.java:346) ~[spring-security-web-5.7.5.jar:5.7.5]
	at org.springframework.security.web.header.HeaderWriterFilter.doHeadersAfter(HeaderWriterFilter.java:90) ~[spring-security-web-5.7.5.jar:5.7.5]
	at org.springframework.security.web.header.HeaderWriterFilter.doFilterInternal(HeaderWriterFilter.java:75) ~[spring-security-web-5.7.5.jar:5.7.5]
	at org.springframework.web.filter.OncePerRequestFilter.doFilter(OncePerRequestFilter.java:117) ~[spring-web-5.3.24.jar:5.3.24]
	at org.springframework.security.web.FilterChainProxy$VirtualFilterChain.doFilter(FilterChainProxy.java:346) ~[spring-security-web-5.7.5.jar:5.7.5]
	at org.springframework.security.web.context.SecurityContextPersistenceFilter.doFilter(SecurityContextPersistenceFilter.java:112) ~[spring-security-web-5.7.5.jar:5.7.5]
	at org.springframework.security.web.context.SecurityContextPersistenceFilter.doFilter(SecurityContextPersistenceFilter.java:82) ~[spring-security-web-5.7.5.jar:5.7.5]
	at org.springframework.security.web.FilterChainProxy$VirtualFilterChain.doFilter(FilterChainProxy.java:346) ~[spring-security-web-5.7.5.jar:5.7.5]
	at org.springframework.security.web.context.request.async.WebAsyncManagerIntegrationFilter.doFilterInternal(WebAsyncManagerIntegrationFilter.java:55) ~[spring-security-web-5.7.5.jar:5.7.5]
	at org.springframework.web.filter.OncePerRequestFilter.doFilter(OncePerRequestFilter.java:117) ~[spring-web-5.3.24.jar:5.3.24]
	at org.springframework.security.web.FilterChainProxy$VirtualFilterChain.doFilter(FilterChainProxy.java:346) ~[spring-security-web-5.7.5.jar:5.7.5]
	at org.springframework.security.web.session.DisableEncodeUrlFilter.doFilterInternal(DisableEncodeUrlFilter.java:42) ~[spring-security-web-5.7.5.jar:5.7.5]
	at org.springframework.web.filter.OncePerRequestFilter.doFilter(OncePerRequestFilter.java:117) ~[spring-web-5.3.24.jar:5.3.24]
	at org.springframework.security.web.FilterChainProxy$VirtualFilterChain.doFilter(FilterChainProxy.java:346) ~[spring-security-web-5.7.5.jar:5.7.5]
	at org.springframework.security.web.FilterChainProxy.doFilterInternal(FilterChainProxy.java:221) ~[spring-security-web-5.7.5.jar:5.7.5]
	at org.springframework.security.web.FilterChainProxy.doFilter(FilterChainProxy.java:186) ~[spring-security-web-5.7.5.jar:5.7.5]
	at org.springframework.web.filter.DelegatingFilterProxy.invokeDelegate(DelegatingFilterProxy.java:354) ~[spring-web-5.3.24.jar:5.3.24]
	at org.springframework.web.filter.DelegatingFilterProxy.doFilter(DelegatingFilterProxy.java:267) ~[spring-web-5.3.24.jar:5.3.24]
	at org.apache.catalina.core.ApplicationFilterChain.internalDoFilter(ApplicationFilterChain.java:189) ~[tomcat-embed-core-9.0.69.jar:9.0.69]
	at org.apache.catalina.core.ApplicationFilterChain.doFilter(ApplicationFilterChain.java:162) ~[tomcat-embed-core-9.0.69.jar:9.0.69]
	at org.springframework.web.filter.CharacterEncodingFilter.doFilterInternal(CharacterEncodingFilter.java:201) ~[spring-web-5.3.24.jar:5.3.24]
	at org.springframework.web.filter.OncePerRequestFilter.doFilter(OncePerRequestFilter.java:117) ~[spring-web-5.3.24.jar:5.3.24]
	at org.apache.catalina.core.ApplicationFilterChain.internalDoFilter(ApplicationFilterChain.java:189) ~[tomcat-embed-core-9.0.69.jar:9.0.69]
	at org.apache.catalina.core.ApplicationFilterChain.doFilter(ApplicationFilterChain.java:162) ~[tomcat-embed-core-9.0.69.jar:9.0.69]
	at org.apache.catalina.core.StandardWrapperValve.invoke(StandardWrapperValve.java:177) ~[tomcat-embed-core-9.0.69.jar:9.0.69]
	at org.apache.catalina.core.StandardContextValve.invoke(StandardContextValve.java:97) ~[tomcat-embed-core-9.0.69.jar:9.0.69]
	at org.apache.catalina.authenticator.AuthenticatorBase.invoke(AuthenticatorBase.java:541) ~[tomcat-embed-core-9.0.69.jar:9.0.69]
	at org.apache.catalina.core.StandardHostValve.invoke(StandardHostValve.java:135) ~[tomcat-embed-core-9.0.69.jar:9.0.69]
	at org.apache.catalina.valves.ErrorReportValve.invoke(ErrorReportValve.java:92) ~[tomcat-embed-core-9.0.69.jar:9.0.69]
	at org.apache.catalina.core.StandardEngineValve.invoke(StandardEngineValve.java:78) ~[tomcat-embed-core-9.0.69.jar:9.0.69]
	at org.apache.catalina.connector.CoyoteAdapter.service(CoyoteAdapter.java:360) ~[tomcat-embed-core-9.0.69.jar:9.0.69]
	at org.apache.coyote.http11.Http11Processor.service(Http11Processor.java:399) ~[tomcat-embed-core-9.0.69.jar:9.0.69]
	at org.apache.coyote.AbstractProcessorLight.process(AbstractProcessorLight.java:65) ~[tomcat-embed-core-9.0.69.jar:9.0.69]
	at org.apache.coyote.AbstractProtocol$ConnectionHandler.process(AbstractProtocol.java:891) ~[tomcat-embed-core-9.0.69.jar:9.0.69]
	at org.apache.tomcat.util.net.NioEndpoint$SocketProcessor.doRun(NioEndpoint.java:1784) ~[tomcat-embed-core-9.0.69.jar:9.0.69]
	at org.apache.tomcat.util.net.SocketProcessorBase.run(SocketProcessorBase.java:49) ~[tomcat-embed-core-9.0.69.jar:9.0.69]
	at org.apache.tomcat.util.threads.ThreadPoolExecutor.runWorker(ThreadPoolExecutor.java:1191) ~[tomcat-embed-core-9.0.69.jar:9.0.69]
	at org.apache.tomcat.util.threads.ThreadPoolExecutor$Worker.run(ThreadPoolExecutor.java:659) ~[tomcat-embed-core-9.0.69.jar:9.0.69]
	at org.apache.tomcat.util.threads.TaskThread$WrappingRunnable.run(TaskThread.java:61) ~[tomcat-embed-core-9.0.69.jar:9.0.69]
	at java.lang.Thread.run(Thread.java:829) ~[?:?]
Caused by: java.io.IOException: 현재 연결은 사용자의 호스트 시스템의 소프트웨어의 의해 중단되었습니다
	at sun.nio.ch.SocketDispatcher.write0(Native Method) ~[?:?]
	at sun.nio.ch.SocketDispatcher.write(SocketDispatcher.java:51) ~[?:?]
	at sun.nio.ch.IOUtil.writeFromNativeBuffer(IOUtil.java:113) ~[?:?]
	at sun.nio.ch.IOUtil.write(IOUtil.java:79) ~[?:?]
	at sun.nio.ch.IOUtil.write(IOUtil.java:50) ~[?:?]
	at sun.nio.ch.SocketChannelImpl.write(SocketChannelImpl.java:462) ~[?:?]
	at org.apache.tomcat.util.net.NioChannel.write(NioChannel.java:136) ~[tomcat-embed-core-9.0.69.jar:9.0.69]
	at org.apache.tomcat.util.net.NioEndpoint$NioSocketWrapper.doWrite(NioEndpoint.java:1424) ~[tomcat-embed-core-9.0.69.jar:9.0.69]
	at org.apache.tomcat.util.net.SocketWrapperBase.doWrite(SocketWrapperBase.java:768) ~[tomcat-embed-core-9.0.69.jar:9.0.69]
	at org.apache.tomcat.util.net.SocketWrapperBase.writeBlocking(SocketWrapperBase.java:593) ~[tomcat-embed-core-9.0.69.jar:9.0.69]
	at org.apache.tomcat.util.net.SocketWrapperBase.write(SocketWrapperBase.java:537) ~[tomcat-embed-core-9.0.69.jar:9.0.69]
	at org.apache.coyote.http11.Http11OutputBuffer$SocketOutputBuffer.doWrite(Http11OutputBuffer.java:547) ~[tomcat-embed-core-9.0.69.jar:9.0.69]
	at org.apache.coyote.http11.filters.ChunkedOutputFilter.doWrite(ChunkedOutputFilter.java:110) ~[tomcat-embed-core-9.0.69.jar:9.0.69]
	at org.apache.coyote.http11.Http11OutputBuffer.doWrite(Http11OutputBuffer.java:194) ~[tomcat-embed-core-9.0.69.jar:9.0.69]
	at org.apache.coyote.Response.doWrite(Response.java:615) ~[tomcat-embed-core-9.0.69.jar:9.0.69]
	at org.apache.catalina.connector.OutputBuffer.realWriteBytes(OutputBuffer.java:340) ~[tomcat-embed-core-9.0.69.jar:9.0.69]
	... 103 more
2024-05-02 09:51  WARN [com.zaxxer.hikari.pool.PoolBase] HikariPool-1 - Failed to validate connection com.mysql.cj.jdbc.ConnectionImpl@7a9b59a (No operations allowed after connection closed.). Possibly consider using a shorter maxLifetime value.
2024-05-02 09:51  WARN [com.zaxxer.hikari.pool.PoolBase] HikariPool-1 - Failed to validate connection com.mysql.cj.jdbc.ConnectionImpl@7a763359 (No operations allowed after connection closed.). Possibly consider using a shorter maxLifetime value.
2024-05-02 09:51  WARN [com.zaxxer.hikari.pool.PoolBase] HikariPool-1 - Failed to validate connection com.mysql.cj.jdbc.ConnectionImpl@68388f26 (No operations allowed after connection closed.). Possibly consider using a shorter maxLifetime value.
2024-05-02 09:51  WARN [com.zaxxer.hikari.pool.PoolBase] HikariPool-1 - Failed to validate connection com.mysql.cj.jdbc.ConnectionImpl@222a23cf (No operations allowed after connection closed.). Possibly consider using a shorter maxLifetime value.
2024-05-02 09:51  WARN [com.zaxxer.hikari.pool.PoolBase] HikariPool-1 - Failed to validate connection com.mysql.cj.jdbc.ConnectionImpl@231f9583 (No operations allowed after connection closed.). Possibly consider using a shorter maxLifetime value.
2024-05-02 09:51  WARN [com.zaxxer.hikari.pool.PoolBase] HikariPool-1 - Failed to validate connection com.mysql.cj.jdbc.ConnectionImpl@2987f1f0 (No operations allowed after connection closed.). Possibly consider using a shorter maxLifetime value.
2024-05-02 09:51  WARN [com.zaxxer.hikari.pool.PoolBase] HikariPool-1 - Failed to validate connection com.mysql.cj.jdbc.ConnectionImpl@842159d (No operations allowed after connection closed.). Possibly consider using a shorter maxLifetime value.
2024-05-02 09:51  WARN [com.zaxxer.hikari.pool.PoolBase] HikariPool-1 - Failed to validate connection com.mysql.cj.jdbc.ConnectionImpl@6348943f (No operations allowed after connection closed.). Possibly consider using a shorter maxLifetime value.
2024-05-02 09:51  WARN [com.zaxxer.hikari.pool.PoolBase] HikariPool-1 - Failed to validate connection com.mysql.cj.jdbc.ConnectionImpl@685d14da (No operations allowed after connection closed.). Possibly consider using a shorter maxLifetime value.
2024-05-02 09:51  WARN [com.zaxxer.hikari.pool.PoolBase] HikariPool-1 - Failed to validate connection com.mysql.cj.jdbc.ConnectionImpl@46eb9151 (No operations allowed after connection closed.). Possibly consider using a shorter maxLifetime value.
2024-05-02 09:51  WARN [org.springframework.web.servlet.mvc.method.annotation.ExceptionHandlerExceptionResolver] Failure in @ExceptionHandler project.local.config.exception.GlobalExceptionHandler#ioExceoptionHandler(IOException)
org.apache.catalina.connector.ClientAbortException: java.io.IOException: 현재 연결은 사용자의 호스트 시스템의 소프트웨어의 의해 중단되었습니다
	at org.apache.catalina.connector.OutputBuffer.realWriteBytes(OutputBuffer.java:353) ~[tomcat-embed-core-9.0.69.jar:9.0.69]
	at org.apache.catalina.connector.OutputBuffer.flushByteBuffer(OutputBuffer.java:784) ~[tomcat-embed-core-9.0.69.jar:9.0.69]
	at org.apache.catalina.connector.OutputBuffer.append(OutputBuffer.java:689) ~[tomcat-embed-core-9.0.69.jar:9.0.69]
	at org.apache.catalina.connector.OutputBuffer.writeBytes(OutputBuffer.java:388) ~[tomcat-embed-core-9.0.69.jar:9.0.69]
	at org.apache.catalina.connector.OutputBuffer.write(OutputBuffer.java:366) ~[tomcat-embed-core-9.0.69.jar:9.0.69]
	at org.apache.catalina.connector.CoyoteOutputStream.write(CoyoteOutputStream.java:96) ~[tomcat-embed-core-9.0.69.jar:9.0.69]
	at org.springframework.security.web.util.OnCommittedResponseWrapper$SaveContextServletOutputStream.write(OnCommittedResponseWrapper.java:638) ~[spring-security-web-5.7.5.jar:5.7.5]
	at sun.nio.cs.StreamEncoder.writeBytes(StreamEncoder.java:233) ~[?:?]
	at sun.nio.cs.StreamEncoder.implFlushBuffer(StreamEncoder.java:312) ~[?:?]
	at sun.nio.cs.StreamEncoder.implFlush(StreamEncoder.java:316) ~[?:?]
	at sun.nio.cs.StreamEncoder.flush(StreamEncoder.java:153) ~[?:?]
	at java.io.OutputStreamWriter.flush(OutputStreamWriter.java:251) ~[?:?]
	at org.springframework.util.StreamUtils.copy(StreamUtils.java:148) ~[spring-core-5.3.24.jar:5.3.24]
	at org.springframework.http.converter.StringHttpMessageConverter.writeInternal(StringHttpMessageConverter.java:126) ~[spring-web-5.3.24.jar:5.3.24]
	at org.springframework.http.converter.StringHttpMessageConverter.writeInternal(StringHttpMessageConverter.java:44) ~[spring-web-5.3.24.jar:5.3.24]
	at org.springframework.http.converter.AbstractHttpMessageConverter.write(AbstractHttpMessageConverter.java:227) ~[spring-web-5.3.24.jar:5.3.24]
	at org.springframework.web.servlet.mvc.method.annotation.AbstractMessageConverterMethodProcessor.writeWithMessageConverters(AbstractMessageConverterMethodProcessor.java:293) ~[spring-webmvc-5.3.24.jar:5.3.24]
	at org.springframework.web.servlet.mvc.method.annotation.HttpEntityMethodProcessor.handleReturnValue(HttpEntityMethodProcessor.java:219) ~[spring-webmvc-5.3.24.jar:5.3.24]
	at org.springframework.web.method.support.HandlerMethodReturnValueHandlerComposite.handleReturnValue(HandlerMethodReturnValueHandlerComposite.java:78) ~[spring-web-5.3.24.jar:5.3.24]
	at org.springframework.web.servlet.mvc.method.annotation.ServletInvocableHandlerMethod.invokeAndHandle(ServletInvocableHandlerMethod.java:135) ~[spring-webmvc-5.3.24.jar:5.3.24]
	at org.springframework.web.servlet.mvc.method.annotation.ExceptionHandlerExceptionResolver.doResolveHandlerMethodException(ExceptionHandlerExceptionResolver.java:428) ~[spring-webmvc-5.3.24.jar:5.3.24]
	at org.springframework.web.servlet.handler.AbstractHandlerMethodExceptionResolver.doResolveException(AbstractHandlerMethodExceptionResolver.java:75) ~[spring-webmvc-5.3.24.jar:5.3.24]
	at org.springframework.web.servlet.handler.AbstractHandlerExceptionResolver.resolveException(AbstractHandlerExceptionResolver.java:142) ~[spring-webmvc-5.3.24.jar:5.3.24]
	at org.springframework.web.servlet.handler.HandlerExceptionResolverComposite.resolveException(HandlerExceptionResolverComposite.java:80) ~[spring-webmvc-5.3.24.jar:5.3.24]
	at org.springframework.web.servlet.DispatcherServlet.processHandlerException(DispatcherServlet.java:1331) ~[spring-webmvc-5.3.24.jar:5.3.24]
	at org.springframework.web.servlet.DispatcherServlet.processDispatchResult(DispatcherServlet.java:1142) ~[spring-webmvc-5.3.24.jar:5.3.24]
	at org.springframework.web.servlet.DispatcherServlet.doDispatch(DispatcherServlet.java:1088) ~[spring-webmvc-5.3.24.jar:5.3.24]
	at org.springframework.web.servlet.DispatcherServlet.doService(DispatcherServlet.java:964) ~[spring-webmvc-5.3.24.jar:5.3.24]
	at org.springframework.web.servlet.FrameworkServlet.processRequest(FrameworkServlet.java:1006) ~[spring-webmvc-5.3.24.jar:5.3.24]
	at org.springframework.web.servlet.FrameworkServlet.doGet(FrameworkServlet.java:898) ~[spring-webmvc-5.3.24.jar:5.3.24]
	at javax.servlet.http.HttpServlet.service(HttpServlet.java:670) ~[tomcat-embed-core-9.0.69.jar:4.0.FR]
	at org.springframework.web.servlet.FrameworkServlet.service(FrameworkServlet.java:883) ~[spring-webmvc-5.3.24.jar:5.3.24]
	at javax.servlet.http.HttpServlet.service(HttpServlet.java:779) ~[tomcat-embed-core-9.0.69.jar:4.0.FR]
	at org.apache.catalina.core.ApplicationFilterChain.internalDoFilter(ApplicationFilterChain.java:227) ~[tomcat-embed-core-9.0.69.jar:9.0.69]
	at org.apache.catalina.core.ApplicationFilterChain.doFilter(ApplicationFilterChain.java:162) ~[tomcat-embed-core-9.0.69.jar:9.0.69]
	at org.apache.tomcat.websocket.server.WsFilter.doFilter(WsFilter.java:53) ~[tomcat-embed-websocket-9.0.69.jar:9.0.69]
	at org.apache.catalina.core.ApplicationFilterChain.internalDoFilter(ApplicationFilterChain.java:189) ~[tomcat-embed-core-9.0.69.jar:9.0.69]
	at org.apache.catalina.core.ApplicationFilterChain.doFilter(ApplicationFilterChain.java:162) ~[tomcat-embed-core-9.0.69.jar:9.0.69]
	at org.springframework.security.web.FilterChainProxy$VirtualFilterChain.doFilter(FilterChainProxy.java:337) ~[spring-security-web-5.7.5.jar:5.7.5]
	at org.springframework.security.web.access.intercept.AuthorizationFilter.doFilter(AuthorizationFilter.java:96) ~[spring-security-web-5.7.5.jar:5.7.5]
	at org.springframework.security.web.FilterChainProxy$VirtualFilterChain.doFilter(FilterChainProxy.java:346) ~[spring-security-web-5.7.5.jar:5.7.5]
	at org.springframework.security.web.access.ExceptionTranslationFilter.doFilter(ExceptionTranslationFilter.java:122) ~[spring-security-web-5.7.5.jar:5.7.5]
	at org.springframework.security.web.access.ExceptionTranslationFilter.doFilter(ExceptionTranslationFilter.java:116) ~[spring-security-web-5.7.5.jar:5.7.5]
	at org.springframework.security.web.FilterChainProxy$VirtualFilterChain.doFilter(FilterChainProxy.java:346) ~[spring-security-web-5.7.5.jar:5.7.5]
	at org.springframework.security.web.session.SessionManagementFilter.doFilter(SessionManagementFilter.java:126) ~[spring-security-web-5.7.5.jar:5.7.5]
	at org.springframework.security.web.session.SessionManagementFilter.doFilter(SessionManagementFilter.java:81) ~[spring-security-web-5.7.5.jar:5.7.5]
	at org.springframework.security.web.FilterChainProxy$VirtualFilterChain.doFilter(FilterChainProxy.java:346) ~[spring-security-web-5.7.5.jar:5.7.5]
	at org.springframework.security.web.authentication.AnonymousAuthenticationFilter.doFilter(AnonymousAuthenticationFilter.java:109) ~[spring-security-web-5.7.5.jar:5.7.5]
	at org.springframework.security.web.FilterChainProxy$VirtualFilterChain.doFilter(FilterChainProxy.java:346) ~[spring-security-web-5.7.5.jar:5.7.5]
	at org.springframework.security.web.servletapi.SecurityContextHolderAwareRequestFilter.doFilter(SecurityContextHolderAwareRequestFilter.java:149) ~[spring-security-web-5.7.5.jar:5.7.5]
	at org.springframework.security.web.FilterChainProxy$VirtualFilterChain.doFilter(FilterChainProxy.java:346) ~[spring-security-web-5.7.5.jar:5.7.5]
	at org.springframework.security.web.savedrequest.RequestCacheAwareFilter.doFilter(RequestCacheAwareFilter.java:63) ~[spring-security-web-5.7.5.jar:5.7.5]
	at org.springframework.security.web.FilterChainProxy$VirtualFilterChain.doFilter(FilterChainProxy.java:346) ~[spring-security-web-5.7.5.jar:5.7.5]
	at org.springframework.security.web.authentication.AbstractAuthenticationProcessingFilter.doFilter(AbstractAuthenticationProcessingFilter.java:223) ~[spring-security-web-5.7.5.jar:5.7.5]
	at org.springframework.security.web.authentication.AbstractAuthenticationProcessingFilter.doFilter(AbstractAuthenticationProcessingFilter.java:217) ~[spring-security-web-5.7.5.jar:5.7.5]
	at org.springframework.security.web.FilterChainProxy$VirtualFilterChain.doFilter(FilterChainProxy.java:346) ~[spring-security-web-5.7.5.jar:5.7.5]
	at project.local.controller.sign.jwt.JWTFilter.doFilterInternal(JWTFilter.java:29) ~[main/:?]
	at org.springframework.web.filter.OncePerRequestFilter.doFilter(OncePerRequestFilter.java:117) ~[spring-web-5.3.24.jar:5.3.24]
	at org.springframework.security.web.FilterChainProxy$VirtualFilterChain.doFilter(FilterChainProxy.java:346) ~[spring-security-web-5.7.5.jar:5.7.5]
	at org.springframework.security.web.authentication.logout.LogoutFilter.doFilter(LogoutFilter.java:103) ~[spring-security-web-5.7.5.jar:5.7.5]
	at org.springframework.security.web.authentication.logout.LogoutFilter.doFilter(LogoutFilter.java:89) ~[spring-security-web-5.7.5.jar:5.7.5]
	at org.springframework.security.web.FilterChainProxy$VirtualFilterChain.doFilter(FilterChainProxy.java:346) ~[spring-security-web-5.7.5.jar:5.7.5]
	at org.springframework.web.filter.CorsFilter.doFilterInternal(CorsFilter.java:91) ~[spring-web-5.3.24.jar:5.3.24]
	at org.springframework.web.filter.OncePerRequestFilter.doFilter(OncePerRequestFilter.java:117) ~[spring-web-5.3.24.jar:5.3.24]
	at org.springframework.security.web.FilterChainProxy$VirtualFilterChain.doFilter(FilterChainProxy.java:346) ~[spring-security-web-5.7.5.jar:5.7.5]
	at org.springframework.security.web.header.HeaderWriterFilter.doHeadersAfter(HeaderWriterFilter.java:90) ~[spring-security-web-5.7.5.jar:5.7.5]
	at org.springframework.security.web.header.HeaderWriterFilter.doFilterInternal(HeaderWriterFilter.java:75) ~[spring-security-web-5.7.5.jar:5.7.5]
	at org.springframework.web.filter.OncePerRequestFilter.doFilter(OncePerRequestFilter.java:117) ~[spring-web-5.3.24.jar:5.3.24]
	at org.springframework.security.web.FilterChainProxy$VirtualFilterChain.doFilter(FilterChainProxy.java:346) ~[spring-security-web-5.7.5.jar:5.7.5]
	at org.springframework.security.web.context.SecurityContextPersistenceFilter.doFilter(SecurityContextPersistenceFilter.java:112) ~[spring-security-web-5.7.5.jar:5.7.5]
	at org.springframework.security.web.context.SecurityContextPersistenceFilter.doFilter(SecurityContextPersistenceFilter.java:82) ~[spring-security-web-5.7.5.jar:5.7.5]
	at org.springframework.security.web.FilterChainProxy$VirtualFilterChain.doFilter(FilterChainProxy.java:346) ~[spring-security-web-5.7.5.jar:5.7.5]
	at org.springframework.security.web.context.request.async.WebAsyncManagerIntegrationFilter.doFilterInternal(WebAsyncManagerIntegrationFilter.java:55) ~[spring-security-web-5.7.5.jar:5.7.5]
	at org.springframework.web.filter.OncePerRequestFilter.doFilter(OncePerRequestFilter.java:117) ~[spring-web-5.3.24.jar:5.3.24]
	at org.springframework.security.web.FilterChainProxy$VirtualFilterChain.doFilter(FilterChainProxy.java:346) ~[spring-security-web-5.7.5.jar:5.7.5]
	at org.springframework.security.web.session.DisableEncodeUrlFilter.doFilterInternal(DisableEncodeUrlFilter.java:42) ~[spring-security-web-5.7.5.jar:5.7.5]
	at org.springframework.web.filter.OncePerRequestFilter.doFilter(OncePerRequestFilter.java:117) ~[spring-web-5.3.24.jar:5.3.24]
	at org.springframework.security.web.FilterChainProxy$VirtualFilterChain.doFilter(FilterChainProxy.java:346) ~[spring-security-web-5.7.5.jar:5.7.5]
	at org.springframework.security.web.FilterChainProxy.doFilterInternal(FilterChainProxy.java:221) ~[spring-security-web-5.7.5.jar:5.7.5]
	at org.springframework.security.web.FilterChainProxy.doFilter(FilterChainProxy.java:186) ~[spring-security-web-5.7.5.jar:5.7.5]
	at org.springframework.web.filter.DelegatingFilterProxy.invokeDelegate(DelegatingFilterProxy.java:354) ~[spring-web-5.3.24.jar:5.3.24]
	at org.springframework.web.filter.DelegatingFilterProxy.doFilter(DelegatingFilterProxy.java:267) ~[spring-web-5.3.24.jar:5.3.24]
	at org.apache.catalina.core.ApplicationFilterChain.internalDoFilter(ApplicationFilterChain.java:189) ~[tomcat-embed-core-9.0.69.jar:9.0.69]
	at org.apache.catalina.core.ApplicationFilterChain.doFilter(ApplicationFilterChain.java:162) ~[tomcat-embed-core-9.0.69.jar:9.0.69]
	at org.springframework.web.filter.CharacterEncodingFilter.doFilterInternal(CharacterEncodingFilter.java:201) ~[spring-web-5.3.24.jar:5.3.24]
	at org.springframework.web.filter.OncePerRequestFilter.doFilter(OncePerRequestFilter.java:117) ~[spring-web-5.3.24.jar:5.3.24]
	at org.apache.catalina.core.ApplicationFilterChain.internalDoFilter(ApplicationFilterChain.java:189) ~[tomcat-embed-core-9.0.69.jar:9.0.69]
	at org.apache.catalina.core.ApplicationFilterChain.doFilter(ApplicationFilterChain.java:162) ~[tomcat-embed-core-9.0.69.jar:9.0.69]
	at org.apache.catalina.core.StandardWrapperValve.invoke(StandardWrapperValve.java:177) ~[tomcat-embed-core-9.0.69.jar:9.0.69]
	at org.apache.catalina.core.StandardContextValve.invoke(StandardContextValve.java:97) ~[tomcat-embed-core-9.0.69.jar:9.0.69]
	at org.apache.catalina.authenticator.AuthenticatorBase.invoke(AuthenticatorBase.java:541) ~[tomcat-embed-core-9.0.69.jar:9.0.69]
	at org.apache.catalina.core.StandardHostValve.invoke(StandardHostValve.java:135) ~[tomcat-embed-core-9.0.69.jar:9.0.69]
	at org.apache.catalina.valves.ErrorReportValve.invoke(ErrorReportValve.java:92) ~[tomcat-embed-core-9.0.69.jar:9.0.69]
	at org.apache.catalina.core.StandardEngineValve.invoke(StandardEngineValve.java:78) ~[tomcat-embed-core-9.0.69.jar:9.0.69]
	at org.apache.catalina.connector.CoyoteAdapter.service(CoyoteAdapter.java:360) ~[tomcat-embed-core-9.0.69.jar:9.0.69]
	at org.apache.coyote.http11.Http11Processor.service(Http11Processor.java:399) ~[tomcat-embed-core-9.0.69.jar:9.0.69]
	at org.apache.coyote.AbstractProcessorLight.process(AbstractProcessorLight.java:65) ~[tomcat-embed-core-9.0.69.jar:9.0.69]
	at org.apache.coyote.AbstractProtocol$ConnectionHandler.process(AbstractProtocol.java:891) ~[tomcat-embed-core-9.0.69.jar:9.0.69]
	at org.apache.tomcat.util.net.NioEndpoint$SocketProcessor.doRun(NioEndpoint.java:1784) ~[tomcat-embed-core-9.0.69.jar:9.0.69]
	at org.apache.tomcat.util.net.SocketProcessorBase.run(SocketProcessorBase.java:49) ~[tomcat-embed-core-9.0.69.jar:9.0.69]
	at org.apache.tomcat.util.threads.ThreadPoolExecutor.runWorker(ThreadPoolExecutor.java:1191) ~[tomcat-embed-core-9.0.69.jar:9.0.69]
	at org.apache.tomcat.util.threads.ThreadPoolExecutor$Worker.run(ThreadPoolExecutor.java:659) ~[tomcat-embed-core-9.0.69.jar:9.0.69]
	at org.apache.tomcat.util.threads.TaskThread$WrappingRunnable.run(TaskThread.java:61) ~[tomcat-embed-core-9.0.69.jar:9.0.69]
	at java.lang.Thread.run(Thread.java:829) ~[?:?]
Caused by: java.io.IOException: 현재 연결은 사용자의 호스트 시스템의 소프트웨어의 의해 중단되었습니다
	at sun.nio.ch.SocketDispatcher.write0(Native Method) ~[?:?]
	at sun.nio.ch.SocketDispatcher.write(SocketDispatcher.java:51) ~[?:?]
	at sun.nio.ch.IOUtil.writeFromNativeBuffer(IOUtil.java:113) ~[?:?]
	at sun.nio.ch.IOUtil.write(IOUtil.java:79) ~[?:?]
	at sun.nio.ch.IOUtil.write(IOUtil.java:50) ~[?:?]
	at sun.nio.ch.SocketChannelImpl.write(SocketChannelImpl.java:462) ~[?:?]
	at org.apache.tomcat.util.net.NioChannel.write(NioChannel.java:136) ~[tomcat-embed-core-9.0.69.jar:9.0.69]
	at org.apache.tomcat.util.net.NioEndpoint$NioSocketWrapper.doWrite(NioEndpoint.java:1424) ~[tomcat-embed-core-9.0.69.jar:9.0.69]
	at org.apache.tomcat.util.net.SocketWrapperBase.doWrite(SocketWrapperBase.java:768) ~[tomcat-embed-core-9.0.69.jar:9.0.69]
	at org.apache.tomcat.util.net.SocketWrapperBase.writeBlocking(SocketWrapperBase.java:593) ~[tomcat-embed-core-9.0.69.jar:9.0.69]
	at org.apache.tomcat.util.net.SocketWrapperBase.write(SocketWrapperBase.java:537) ~[tomcat-embed-core-9.0.69.jar:9.0.69]
	at org.apache.coyote.http11.Http11OutputBuffer$SocketOutputBuffer.doWrite(Http11OutputBuffer.java:547) ~[tomcat-embed-core-9.0.69.jar:9.0.69]
	at org.apache.coyote.http11.filters.ChunkedOutputFilter.doWrite(ChunkedOutputFilter.java:110) ~[tomcat-embed-core-9.0.69.jar:9.0.69]
	at org.apache.coyote.http11.Http11OutputBuffer.doWrite(Http11OutputBuffer.java:194) ~[tomcat-embed-core-9.0.69.jar:9.0.69]
	at org.apache.coyote.Response.doWrite(Response.java:615) ~[tomcat-embed-core-9.0.69.jar:9.0.69]
	at org.apache.catalina.connector.OutputBuffer.realWriteBytes(OutputBuffer.java:340) ~[tomcat-embed-core-9.0.69.jar:9.0.69]
	... 103 more
2024-05-02 10:16 ERROR [project.local.controller.sign.jwt.LoginFilter] An internal error occurred while trying to authenticate the user.
org.springframework.security.authentication.InternalAuthenticationServiceException: For input string: ""
	at org.springframework.security.authentication.dao.DaoAuthenticationProvider.retrieveUser(DaoAuthenticationProvider.java:108) ~[spring-security-core-5.7.5.jar:5.7.5]
	at org.springframework.security.authentication.dao.AbstractUserDetailsAuthenticationProvider.authenticate(AbstractUserDetailsAuthenticationProvider.java:133) ~[spring-security-core-5.7.5.jar:5.7.5]
	at org.springframework.security.authentication.ProviderManager.authenticate(ProviderManager.java:182) ~[spring-security-core-5.7.5.jar:5.7.5]
	at project.local.controller.sign.jwt.LoginFilter.attemptAuthentication(LoginFilter.java:39) ~[main/:?]
	at org.springframework.security.web.authentication.AbstractAuthenticationProcessingFilter.doFilter(AbstractAuthenticationProcessingFilter.java:227) ~[spring-security-web-5.7.5.jar:5.7.5]
	at org.springframework.security.web.authentication.AbstractAuthenticationProcessingFilter.doFilter(AbstractAuthenticationProcessingFilter.java:217) ~[spring-security-web-5.7.5.jar:5.7.5]
	at org.springframework.security.web.FilterChainProxy$VirtualFilterChain.doFilter(FilterChainProxy.java:346) ~[spring-security-web-5.7.5.jar:5.7.5]
	at project.local.controller.sign.jwt.JWTFilter.doFilterInternal(JWTFilter.java:29) ~[main/:?]
	at org.springframework.web.filter.OncePerRequestFilter.doFilter(OncePerRequestFilter.java:117) ~[spring-web-5.3.24.jar:5.3.24]
	at org.springframework.security.web.FilterChainProxy$VirtualFilterChain.doFilter(FilterChainProxy.java:346) ~[spring-security-web-5.7.5.jar:5.7.5]
	at org.springframework.security.web.authentication.logout.LogoutFilter.doFilter(LogoutFilter.java:103) ~[spring-security-web-5.7.5.jar:5.7.5]
	at org.springframework.security.web.authentication.logout.LogoutFilter.doFilter(LogoutFilter.java:89) ~[spring-security-web-5.7.5.jar:5.7.5]
	at org.springframework.security.web.FilterChainProxy$VirtualFilterChain.doFilter(FilterChainProxy.java:346) ~[spring-security-web-5.7.5.jar:5.7.5]
	at org.springframework.web.filter.CorsFilter.doFilterInternal(CorsFilter.java:91) ~[spring-web-5.3.24.jar:5.3.24]
	at org.springframework.web.filter.OncePerRequestFilter.doFilter(OncePerRequestFilter.java:117) ~[spring-web-5.3.24.jar:5.3.24]
	at org.springframework.security.web.FilterChainProxy$VirtualFilterChain.doFilter(FilterChainProxy.java:346) ~[spring-security-web-5.7.5.jar:5.7.5]
	at org.springframework.security.web.header.HeaderWriterFilter.doHeadersAfter(HeaderWriterFilter.java:90) ~[spring-security-web-5.7.5.jar:5.7.5]
	at org.springframework.security.web.header.HeaderWriterFilter.doFilterInternal(HeaderWriterFilter.java:75) ~[spring-security-web-5.7.5.jar:5.7.5]
	at org.springframework.web.filter.OncePerRequestFilter.doFilter(OncePerRequestFilter.java:117) ~[spring-web-5.3.24.jar:5.3.24]
	at org.springframework.security.web.FilterChainProxy$VirtualFilterChain.doFilter(FilterChainProxy.java:346) ~[spring-security-web-5.7.5.jar:5.7.5]
	at org.springframework.security.web.context.SecurityContextPersistenceFilter.doFilter(SecurityContextPersistenceFilter.java:112) ~[spring-security-web-5.7.5.jar:5.7.5]
	at org.springframework.security.web.context.SecurityContextPersistenceFilter.doFilter(SecurityContextPersistenceFilter.java:82) ~[spring-security-web-5.7.5.jar:5.7.5]
	at org.springframework.security.web.FilterChainProxy$VirtualFilterChain.doFilter(FilterChainProxy.java:346) ~[spring-security-web-5.7.5.jar:5.7.5]
	at org.springframework.security.web.context.request.async.WebAsyncManagerIntegrationFilter.doFilterInternal(WebAsyncManagerIntegrationFilter.java:55) ~[spring-security-web-5.7.5.jar:5.7.5]
	at org.springframework.web.filter.OncePerRequestFilter.doFilter(OncePerRequestFilter.java:117) ~[spring-web-5.3.24.jar:5.3.24]
	at org.springframework.security.web.FilterChainProxy$VirtualFilterChain.doFilter(FilterChainProxy.java:346) ~[spring-security-web-5.7.5.jar:5.7.5]
	at org.springframework.security.web.session.DisableEncodeUrlFilter.doFilterInternal(DisableEncodeUrlFilter.java:42) ~[spring-security-web-5.7.5.jar:5.7.5]
	at org.springframework.web.filter.OncePerRequestFilter.doFilter(OncePerRequestFilter.java:117) ~[spring-web-5.3.24.jar:5.3.24]
	at org.springframework.security.web.FilterChainProxy$VirtualFilterChain.doFilter(FilterChainProxy.java:346) ~[spring-security-web-5.7.5.jar:5.7.5]
	at org.springframework.security.web.FilterChainProxy.doFilterInternal(FilterChainProxy.java:221) ~[spring-security-web-5.7.5.jar:5.7.5]
	at org.springframework.security.web.FilterChainProxy.doFilter(FilterChainProxy.java:186) ~[spring-security-web-5.7.5.jar:5.7.5]
	at org.springframework.web.filter.DelegatingFilterProxy.invokeDelegate(DelegatingFilterProxy.java:354) ~[spring-web-5.3.24.jar:5.3.24]
	at org.springframework.web.filter.DelegatingFilterProxy.doFilter(DelegatingFilterProxy.java:267) ~[spring-web-5.3.24.jar:5.3.24]
	at org.apache.catalina.core.ApplicationFilterChain.internalDoFilter(ApplicationFilterChain.java:189) ~[tomcat-embed-core-9.0.69.jar:9.0.69]
	at org.apache.catalina.core.ApplicationFilterChain.doFilter(ApplicationFilterChain.java:162) ~[tomcat-embed-core-9.0.69.jar:9.0.69]
	at org.springframework.web.filter.CharacterEncodingFilter.doFilterInternal(CharacterEncodingFilter.java:201) ~[spring-web-5.3.24.jar:5.3.24]
	at org.springframework.web.filter.OncePerRequestFilter.doFilter(OncePerRequestFilter.java:117) ~[spring-web-5.3.24.jar:5.3.24]
	at org.apache.catalina.core.ApplicationFilterChain.internalDoFilter(ApplicationFilterChain.java:189) ~[tomcat-embed-core-9.0.69.jar:9.0.69]
	at org.apache.catalina.core.ApplicationFilterChain.doFilter(ApplicationFilterChain.java:162) ~[tomcat-embed-core-9.0.69.jar:9.0.69]
	at org.apache.catalina.core.StandardWrapperValve.invoke(StandardWrapperValve.java:177) ~[tomcat-embed-core-9.0.69.jar:9.0.69]
	at org.apache.catalina.core.StandardContextValve.invoke(StandardContextValve.java:97) ~[tomcat-embed-core-9.0.69.jar:9.0.69]
	at org.apache.catalina.authenticator.AuthenticatorBase.invoke(AuthenticatorBase.java:541) ~[tomcat-embed-core-9.0.69.jar:9.0.69]
	at org.apache.catalina.core.StandardHostValve.invoke(StandardHostValve.java:135) ~[tomcat-embed-core-9.0.69.jar:9.0.69]
	at org.apache.catalina.valves.ErrorReportValve.invoke(ErrorReportValve.java:92) ~[tomcat-embed-core-9.0.69.jar:9.0.69]
	at org.apache.catalina.core.StandardEngineValve.invoke(StandardEngineValve.java:78) ~[tomcat-embed-core-9.0.69.jar:9.0.69]
	at org.apache.catalina.connector.CoyoteAdapter.service(CoyoteAdapter.java:360) ~[tomcat-embed-core-9.0.69.jar:9.0.69]
	at org.apache.coyote.http11.Http11Processor.service(Http11Processor.java:399) ~[tomcat-embed-core-9.0.69.jar:9.0.69]
	at org.apache.coyote.AbstractProcessorLight.process(AbstractProcessorLight.java:65) ~[tomcat-embed-core-9.0.69.jar:9.0.69]
	at org.apache.coyote.AbstractProtocol$ConnectionHandler.process(AbstractProtocol.java:891) ~[tomcat-embed-core-9.0.69.jar:9.0.69]
	at org.apache.tomcat.util.net.NioEndpoint$SocketProcessor.doRun(NioEndpoint.java:1784) ~[tomcat-embed-core-9.0.69.jar:9.0.69]
	at org.apache.tomcat.util.net.SocketProcessorBase.run(SocketProcessorBase.java:49) ~[tomcat-embed-core-9.0.69.jar:9.0.69]
	at org.apache.tomcat.util.threads.ThreadPoolExecutor.runWorker(ThreadPoolExecutor.java:1191) ~[tomcat-embed-core-9.0.69.jar:9.0.69]
	at org.apache.tomcat.util.threads.ThreadPoolExecutor$Worker.run(ThreadPoolExecutor.java:659) ~[tomcat-embed-core-9.0.69.jar:9.0.69]
	at org.apache.tomcat.util.threads.TaskThread$WrappingRunnable.run(TaskThread.java:61) ~[tomcat-embed-core-9.0.69.jar:9.0.69]
	at java.lang.Thread.run(Thread.java:829) ~[?:?]
Caused by: java.lang.NumberFormatException: For input string: ""
	at java.lang.NumberFormatException.forInputString(NumberFormatException.java:65) ~[?:?]
	at java.lang.Long.parseLong(Long.java:702) ~[?:?]
	at java.lang.Long.valueOf(Long.java:1144) ~[?:?]
	at project.local.service.CustomUserDetialService.loadUserByUsername(CustomUserDetialService.java:23) ~[main/:?]
	at org.springframework.security.authentication.dao.DaoAuthenticationProvider.retrieveUser(DaoAuthenticationProvider.java:93) ~[spring-security-core-5.7.5.jar:5.7.5]
	... 54 more
2024-05-02 10:45  WARN [com.zaxxer.hikari.pool.PoolBase] HikariPool-1 - Failed to validate connection com.mysql.cj.jdbc.ConnectionImpl@7f45aeab (No operations allowed after connection closed.). Possibly consider using a shorter maxLifetime value.
2024-05-02 10:45  WARN [com.zaxxer.hikari.pool.PoolBase] HikariPool-1 - Failed to validate connection com.mysql.cj.jdbc.ConnectionImpl@2153b0ce (No operations allowed after connection closed.). Possibly consider using a shorter maxLifetime value.
2024-05-02 10:45  WARN [com.zaxxer.hikari.pool.PoolBase] HikariPool-1 - Failed to validate connection com.mysql.cj.jdbc.ConnectionImpl@262a329e (No operations allowed after connection closed.). Possibly consider using a shorter maxLifetime value.
2024-05-02 10:45  WARN [com.zaxxer.hikari.pool.PoolBase] HikariPool-1 - Failed to validate connection com.mysql.cj.jdbc.ConnectionImpl@66e705cb (No operations allowed after connection closed.). Possibly consider using a shorter maxLifetime value.
2024-05-02 10:45  WARN [com.zaxxer.hikari.pool.PoolBase] HikariPool-1 - Failed to validate connection com.mysql.cj.jdbc.ConnectionImpl@2919ca (No operations allowed after connection closed.). Possibly consider using a shorter maxLifetime value.
2024-05-02 10:45  WARN [com.zaxxer.hikari.pool.PoolBase] HikariPool-1 - Failed to validate connection com.mysql.cj.jdbc.ConnectionImpl@215e0a27 (No operations allowed after connection closed.). Possibly consider using a shorter maxLifetime value.
2024-05-02 10:45  WARN [com.zaxxer.hikari.pool.PoolBase] HikariPool-1 - Failed to validate connection com.mysql.cj.jdbc.ConnectionImpl@7d33e3b3 (No operations allowed after connection closed.). Possibly consider using a shorter maxLifetime value.
2024-05-02 10:45  WARN [com.zaxxer.hikari.pool.PoolBase] HikariPool-1 - Failed to validate connection com.mysql.cj.jdbc.ConnectionImpl@548e008f (No operations allowed after connection closed.). Possibly consider using a shorter maxLifetime value.
2024-05-02 10:45  WARN [com.zaxxer.hikari.pool.PoolBase] HikariPool-1 - Failed to validate connection com.mysql.cj.jdbc.ConnectionImpl@550270b (No operations allowed after connection closed.). Possibly consider using a shorter maxLifetime value.
2024-05-02 10:45  WARN [com.zaxxer.hikari.pool.PoolBase] HikariPool-1 - Failed to validate connection com.mysql.cj.jdbc.ConnectionImpl@359c5296 (No operations allowed after connection closed.). Possibly consider using a shorter maxLifetime value.
2024-05-02 10:45  WARN [com.zaxxer.hikari.pool.HikariPool] HikariPool-1 - Thread starvation or clock leap detected (housekeeper delta=1m3s579ms150µs800ns).
2024-05-02 11:51  WARN [org.springframework.web.servlet.PageNotFound] No mapping for GET /universe/store
2024-05-02 11:51  WARN [org.springframework.web.servlet.PageNotFound] No mapping for GET /universe/store
2024-05-02 11:51  WARN [org.springframework.web.servlet.PageNotFound] No mapping for GET /universe/store
2024-05-02 11:51  WARN [org.springframework.web.servlet.PageNotFound] No mapping for GET /universe/store
2024-05-02 11:51  WARN [org.springframework.web.servlet.PageNotFound] No mapping for GET /universe/store
2024-05-02 11:51  WARN [org.springframework.web.servlet.PageNotFound] No mapping for GET /universe/store
2024-05-02 11:51  WARN [org.springframework.web.servlet.PageNotFound] No mapping for GET /universe/store
2024-05-02 11:51  WARN [org.springframework.web.servlet.PageNotFound] No mapping for GET /universe/store
2024-05-02 11:51  WARN [org.springframework.web.servlet.PageNotFound] No mapping for GET /universe/store
2024-05-02 11:51  WARN [org.springframework.web.servlet.PageNotFound] No mapping for GET /universe/store
2024-05-02 11:52  WARN [org.springframework.web.servlet.PageNotFound] No mapping for GET /universe/store
2024-05-02 11:52  WARN [org.springframework.web.servlet.PageNotFound] No mapping for GET /universe/store
2024-05-02 11:54  WARN [org.springframework.web.servlet.PageNotFound] No mapping for GET /universe/store
2024-05-02 11:54  WARN [org.springframework.web.servlet.PageNotFound] No mapping for GET /universe/store
2024-05-02 13:39  INFO [project.local.LocalApplication] Starting LocalApplication using Java 11.0.21 on macdduck with PID 76028 (C:\GitHub\map-team-final-project\hello\back\JihoGivenchy-back-local\local\build\classes\java\main started by knh96 in C:\GitHub\map-team-final-project\hello\back\JihoGivenchy-back-local\local)
2024-05-02 13:39  INFO [project.local.LocalApplication] No active profile set, falling back to 1 default profile: "default"
2024-05-02 13:39  INFO [org.springframework.data.repository.config.RepositoryConfigurationDelegate] Bootstrapping Spring Data JPA repositories in DEFAULT mode.
2024-05-02 13:39  INFO [org.springframework.data.repository.config.RepositoryConfigurationDelegate] Finished Spring Data repository scanning in 65 ms. Found 5 JPA repository interfaces.
2024-05-02 13:39  INFO [org.springframework.boot.web.embedded.tomcat.TomcatWebServer] Tomcat initialized with port(s): 8080 (http)
2024-05-02 13:39  INFO [org.apache.coyote.http11.Http11NioProtocol] Initializing ProtocolHandler ["http-nio-8080"]
2024-05-02 13:39  INFO [org.apache.catalina.core.StandardService] Starting service [Tomcat]
2024-05-02 13:39  INFO [org.apache.catalina.core.StandardEngine] Starting Servlet engine: [Apache Tomcat/9.0.69]
2024-05-02 13:39  INFO [org.apache.catalina.core.ContainerBase.[Tomcat].[localhost].[/]] Initializing Spring embedded WebApplicationContext
2024-05-02 13:39  INFO [org.springframework.boot.web.servlet.context.ServletWebServerApplicationContext] Root WebApplicationContext: initialization completed in 1753 ms
2024-05-02 13:39  INFO [org.hibernate.jpa.internal.util.LogHelper] HHH000204: Processing PersistenceUnitInfo [name: default]
2024-05-02 13:39  INFO [org.hibernate.Version] HHH000412: Hibernate ORM core version 5.6.14.Final
2024-05-02 13:39  INFO [org.hibernate.annotations.common.Version] HCANN000001: Hibernate Commons Annotations {5.1.2.Final}
2024-05-02 13:39  INFO [com.zaxxer.hikari.HikariDataSource] HikariPool-1 - Starting...
2024-05-02 13:39  INFO [com.zaxxer.hikari.HikariDataSource] HikariPool-1 - Start completed.
2024-05-02 13:39  INFO [org.hibernate.dialect.Dialect] HHH000400: Using dialect: org.hibernate.dialect.MySQL8Dialect
2024-05-02 13:39  INFO [org.hibernate.engine.transaction.jta.platform.internal.JtaPlatformInitiator] HHH000490: Using JtaPlatform implementation: [org.hibernate.engine.transaction.jta.platform.internal.NoJtaPlatform]
2024-05-02 13:39  INFO [org.springframework.orm.jpa.LocalContainerEntityManagerFactoryBean] Initialized JPA EntityManagerFactory for persistence unit 'default'
2024-05-02 13:39  INFO [org.springframework.security.web.DefaultSecurityFilterChain] Will secure any request with [org.springframework.security.web.session.DisableEncodeUrlFilter@5c6be812, org.springframework.security.web.context.request.async.WebAsyncManagerIntegrationFilter@19ee0a2f, org.springframework.security.web.context.SecurityContextPersistenceFilter@1718de70, org.springframework.security.web.header.HeaderWriterFilter@1016b44e, org.springframework.web.filter.CorsFilter@28796d0e, org.springframework.security.web.authentication.logout.LogoutFilter@3497ecea, project.local.controller.sign.jwt.JWTFilter@3cc548f6, project.local.controller.sign.jwt.LoginFilter@3fed0c04, org.springframework.security.web.savedrequest.RequestCacheAwareFilter@41736818, org.springframework.security.web.servletapi.SecurityContextHolderAwareRequestFilter@47cf922d, org.springframework.security.web.authentication.AnonymousAuthenticationFilter@563bd6a4, org.springframework.security.web.session.SessionManagementFilter@38e88e13, org.springframework.security.web.access.ExceptionTranslationFilter@7b55f0a6, org.springframework.security.web.access.intercept.AuthorizationFilter@22cce199]
2024-05-02 13:39  WARN [org.springframework.boot.autoconfigure.orm.jpa.JpaBaseConfiguration$JpaWebConfiguration] spring.jpa.open-in-view is enabled by default. Therefore, database queries may be performed during view rendering. Explicitly configure spring.jpa.open-in-view to disable this warning
2024-05-02 13:39  INFO [org.apache.coyote.http11.Http11NioProtocol] Starting ProtocolHandler ["http-nio-8080"]
2024-05-02 13:39  INFO [org.springframework.boot.web.embedded.tomcat.TomcatWebServer] Tomcat started on port(s): 8080 (http) with context path ''
2024-05-02 13:39  INFO [project.local.LocalApplication] Started LocalApplication in 5.664 seconds (JVM running for 6.574)
2024-05-02 13:41  INFO [project.local.LocalApplication] Starting LocalApplication using Java 11.0.21 on macdduck with PID 77156 (C:\GitHub\map-team-final-project\hello\back\JihoGivenchy-back-local\local\build\classes\java\main started by knh96 in C:\GitHub\map-team-final-project\hello\back\JihoGivenchy-back-local\local)
2024-05-02 13:41  INFO [project.local.LocalApplication] No active profile set, falling back to 1 default profile: "default"
2024-05-02 13:41  INFO [org.springframework.data.repository.config.RepositoryConfigurationDelegate] Bootstrapping Spring Data JPA repositories in DEFAULT mode.
2024-05-02 13:41  INFO [org.springframework.data.repository.config.RepositoryConfigurationDelegate] Finished Spring Data repository scanning in 89 ms. Found 5 JPA repository interfaces.
2024-05-02 13:41  INFO [org.springframework.boot.web.embedded.tomcat.TomcatWebServer] Tomcat initialized with port(s): 8080 (http)
2024-05-02 13:41  INFO [org.apache.coyote.http11.Http11NioProtocol] Initializing ProtocolHandler ["http-nio-8080"]
2024-05-02 13:41  INFO [org.apache.catalina.core.StandardService] Starting service [Tomcat]
2024-05-02 13:41  INFO [org.apache.catalina.core.StandardEngine] Starting Servlet engine: [Apache Tomcat/9.0.69]
2024-05-02 13:41  INFO [org.apache.catalina.core.ContainerBase.[Tomcat].[localhost].[/]] Initializing Spring embedded WebApplicationContext
2024-05-02 13:41  INFO [org.springframework.boot.web.servlet.context.ServletWebServerApplicationContext] Root WebApplicationContext: initialization completed in 2016 ms
2024-05-02 13:41  INFO [org.hibernate.jpa.internal.util.LogHelper] HHH000204: Processing PersistenceUnitInfo [name: default]
2024-05-02 13:41  INFO [org.hibernate.Version] HHH000412: Hibernate ORM core version 5.6.14.Final
2024-05-02 13:41  INFO [org.hibernate.annotations.common.Version] HCANN000001: Hibernate Commons Annotations {5.1.2.Final}
2024-05-02 13:41  INFO [com.zaxxer.hikari.HikariDataSource] HikariPool-1 - Starting...
2024-05-02 13:41  INFO [com.zaxxer.hikari.HikariDataSource] HikariPool-1 - Start completed.
2024-05-02 13:41  INFO [org.hibernate.dialect.Dialect] HHH000400: Using dialect: org.hibernate.dialect.MySQL8Dialect
2024-05-02 13:41  INFO [org.hibernate.engine.transaction.jta.platform.internal.JtaPlatformInitiator] HHH000490: Using JtaPlatform implementation: [org.hibernate.engine.transaction.jta.platform.internal.NoJtaPlatform]
2024-05-02 13:41  INFO [org.springframework.orm.jpa.LocalContainerEntityManagerFactoryBean] Initialized JPA EntityManagerFactory for persistence unit 'default'
2024-05-02 13:41  INFO [org.springframework.security.web.DefaultSecurityFilterChain] Will secure any request with [org.springframework.security.web.session.DisableEncodeUrlFilter@63e40188, org.springframework.security.web.context.request.async.WebAsyncManagerIntegrationFilter@5b3c2a9f, org.springframework.security.web.context.SecurityContextPersistenceFilter@423d662a, org.springframework.security.web.header.HeaderWriterFilter@2eb31735, org.springframework.web.filter.CorsFilter@535b4dbf, org.springframework.security.web.authentication.logout.LogoutFilter@7ec75228, project.local.controller.sign.jwt.JWTFilter@4f571c0e, project.local.controller.sign.jwt.LoginFilter@c7cbc2d, org.springframework.security.web.savedrequest.RequestCacheAwareFilter@4a249610, org.springframework.security.web.servletapi.SecurityContextHolderAwareRequestFilter@22cf1808, org.springframework.security.web.authentication.AnonymousAuthenticationFilter@36ae17ef, org.springframework.security.web.session.SessionManagementFilter@24f77077, org.springframework.security.web.access.ExceptionTranslationFilter@565030b7, org.springframework.security.web.access.intercept.AuthorizationFilter@75d9b73c]
2024-05-02 13:41  WARN [org.springframework.boot.autoconfigure.orm.jpa.JpaBaseConfiguration$JpaWebConfiguration] spring.jpa.open-in-view is enabled by default. Therefore, database queries may be performed during view rendering. Explicitly configure spring.jpa.open-in-view to disable this warning
2024-05-02 13:41  INFO [org.apache.coyote.http11.Http11NioProtocol] Starting ProtocolHandler ["http-nio-8080"]
2024-05-02 13:41  INFO [org.springframework.boot.web.embedded.tomcat.TomcatWebServer] Tomcat started on port(s): 8080 (http) with context path ''
2024-05-02 13:41  INFO [project.local.LocalApplication] Started LocalApplication in 6.277 seconds (JVM running for 7.266)
2024-05-02 13:41  INFO [org.apache.catalina.core.ContainerBase.[Tomcat].[localhost].[/]] Initializing Spring DispatcherServlet 'dispatcherServlet'
2024-05-02 13:41  INFO [org.springframework.web.servlet.DispatcherServlet] Initializing Servlet 'dispatcherServlet'
2024-05-02 13:41  INFO [org.springframework.web.servlet.DispatcherServlet] Completed initialization in 1 ms
2024-05-02 16:23  INFO [project.local.LocalApplication] Starting LocalApplication using Java 11.0.21 on macdduck with PID 78736 (C:\GitHub\map-team-final-project\hello\back\JihoGivenchy-back-local\local\build\classes\java\main started by knh96 in C:\GitHub\map-team-final-project\hello\back\JihoGivenchy-back-local\local)
2024-05-02 16:23  INFO [project.local.LocalApplication] No active profile set, falling back to 1 default profile: "default"
2024-05-02 16:23  INFO [org.springframework.data.repository.config.RepositoryConfigurationDelegate] Bootstrapping Spring Data JPA repositories in DEFAULT mode.
2024-05-02 16:23  INFO [org.springframework.data.repository.config.RepositoryConfigurationDelegate] Finished Spring Data repository scanning in 82 ms. Found 5 JPA repository interfaces.
2024-05-02 16:23  INFO [org.springframework.boot.web.embedded.tomcat.TomcatWebServer] Tomcat initialized with port(s): 8080 (http)
2024-05-02 16:23  INFO [org.apache.coyote.http11.Http11NioProtocol] Initializing ProtocolHandler ["http-nio-8080"]
2024-05-02 16:23  INFO [org.apache.catalina.core.StandardService] Starting service [Tomcat]
2024-05-02 16:23  INFO [org.apache.catalina.core.StandardEngine] Starting Servlet engine: [Apache Tomcat/9.0.69]
2024-05-02 16:23  INFO [org.apache.catalina.core.ContainerBase.[Tomcat].[localhost].[/]] Initializing Spring embedded WebApplicationContext
2024-05-02 16:23  INFO [org.springframework.boot.web.servlet.context.ServletWebServerApplicationContext] Root WebApplicationContext: initialization completed in 1701 ms
2024-05-02 16:23  INFO [org.hibernate.jpa.internal.util.LogHelper] HHH000204: Processing PersistenceUnitInfo [name: default]
2024-05-02 16:23  INFO [org.hibernate.Version] HHH000412: Hibernate ORM core version 5.6.14.Final
2024-05-02 16:23  INFO [org.hibernate.annotations.common.Version] HCANN000001: Hibernate Commons Annotations {5.1.2.Final}
2024-05-02 16:23  INFO [com.zaxxer.hikari.HikariDataSource] HikariPool-1 - Starting...
2024-05-02 16:23  INFO [com.zaxxer.hikari.HikariDataSource] HikariPool-1 - Start completed.
2024-05-02 16:23  INFO [org.hibernate.dialect.Dialect] HHH000400: Using dialect: org.hibernate.dialect.MySQL8Dialect
2024-05-02 16:23  INFO [org.hibernate.engine.transaction.jta.platform.internal.JtaPlatformInitiator] HHH000490: Using JtaPlatform implementation: [org.hibernate.engine.transaction.jta.platform.internal.NoJtaPlatform]
2024-05-02 16:23  INFO [org.springframework.orm.jpa.LocalContainerEntityManagerFactoryBean] Initialized JPA EntityManagerFactory for persistence unit 'default'
2024-05-02 16:23  INFO [org.springframework.security.web.DefaultSecurityFilterChain] Will secure any request with [org.springframework.security.web.session.DisableEncodeUrlFilter@235dacd7, org.springframework.security.web.context.request.async.WebAsyncManagerIntegrationFilter@74070994, org.springframework.security.web.context.SecurityContextPersistenceFilter@6b64921f, org.springframework.security.web.header.HeaderWriterFilter@41736818, org.springframework.web.filter.CorsFilter@7c816f46, org.springframework.security.web.authentication.logout.LogoutFilter@533a27f8, project.local.controller.sign.jwt.JWTFilter@7307ae6, project.local.controller.sign.jwt.LoginFilter@49c555c3, org.springframework.security.web.savedrequest.RequestCacheAwareFilter@6e475994, org.springframework.security.web.servletapi.SecurityContextHolderAwareRequestFilter@66d73e2d, org.springframework.security.web.authentication.AnonymousAuthenticationFilter@542aec6, org.springframework.security.web.session.SessionManagementFilter@144792d5, org.springframework.security.web.access.ExceptionTranslationFilter@1718de70, org.springframework.security.web.access.intercept.AuthorizationFilter@3fed0c04]
2024-05-02 16:23  WARN [org.springframework.boot.autoconfigure.orm.jpa.JpaBaseConfiguration$JpaWebConfiguration] spring.jpa.open-in-view is enabled by default. Therefore, database queries may be performed during view rendering. Explicitly configure spring.jpa.open-in-view to disable this warning
2024-05-02 16:23  INFO [org.apache.coyote.http11.Http11NioProtocol] Starting ProtocolHandler ["http-nio-8080"]
2024-05-02 16:23  INFO [org.springframework.boot.web.embedded.tomcat.TomcatWebServer] Tomcat started on port(s): 8080 (http) with context path ''
2024-05-02 16:23  INFO [project.local.LocalApplication] Started LocalApplication in 6.06 seconds (JVM running for 6.961)
2024-05-02 16:24  INFO [org.apache.catalina.core.ContainerBase.[Tomcat].[localhost].[/]] Initializing Spring DispatcherServlet 'dispatcherServlet'
2024-05-02 16:24  INFO [org.springframework.web.servlet.DispatcherServlet] Initializing Servlet 'dispatcherServlet'
2024-05-02 16:24  INFO [org.springframework.web.servlet.DispatcherServlet] Completed initialization in 0 ms
2024-05-02 16:26  INFO [project.local.LocalApplication] Starting LocalApplication using Java 11.0.21 on macdduck with PID 52780 (C:\GitHub\map-team-final-project\hello\back\JihoGivenchy-back-local\local\build\classes\java\main started by knh96 in C:\GitHub\map-team-final-project\hello\back\JihoGivenchy-back-local\local)
2024-05-02 16:26  INFO [project.local.LocalApplication] No active profile set, falling back to 1 default profile: "default"
2024-05-02 16:27  INFO [org.springframework.data.repository.config.RepositoryConfigurationDelegate] Bootstrapping Spring Data JPA repositories in DEFAULT mode.
2024-05-02 16:27  INFO [org.springframework.data.repository.config.RepositoryConfigurationDelegate] Finished Spring Data repository scanning in 86 ms. Found 5 JPA repository interfaces.
2024-05-02 16:27  INFO [org.springframework.boot.web.embedded.tomcat.TomcatWebServer] Tomcat initialized with port(s): 8080 (http)
2024-05-02 16:27  INFO [org.apache.coyote.http11.Http11NioProtocol] Initializing ProtocolHandler ["http-nio-8080"]
2024-05-02 16:27  INFO [org.apache.catalina.core.StandardService] Starting service [Tomcat]
2024-05-02 16:27  INFO [org.apache.catalina.core.StandardEngine] Starting Servlet engine: [Apache Tomcat/9.0.69]
2024-05-02 16:27  INFO [org.apache.catalina.core.ContainerBase.[Tomcat].[localhost].[/]] Initializing Spring embedded WebApplicationContext
2024-05-02 16:27  INFO [org.springframework.boot.web.servlet.context.ServletWebServerApplicationContext] Root WebApplicationContext: initialization completed in 1766 ms
2024-05-02 16:27  INFO [org.hibernate.jpa.internal.util.LogHelper] HHH000204: Processing PersistenceUnitInfo [name: default]
2024-05-02 16:27  INFO [org.hibernate.Version] HHH000412: Hibernate ORM core version 5.6.14.Final
2024-05-02 16:27  INFO [org.hibernate.annotations.common.Version] HCANN000001: Hibernate Commons Annotations {5.1.2.Final}
2024-05-02 16:27  INFO [com.zaxxer.hikari.HikariDataSource] HikariPool-1 - Starting...
2024-05-02 16:27  INFO [com.zaxxer.hikari.HikariDataSource] HikariPool-1 - Start completed.
2024-05-02 16:27  INFO [org.hibernate.dialect.Dialect] HHH000400: Using dialect: org.hibernate.dialect.MySQL8Dialect
2024-05-02 16:27  INFO [org.hibernate.engine.transaction.jta.platform.internal.JtaPlatformInitiator] HHH000490: Using JtaPlatform implementation: [org.hibernate.engine.transaction.jta.platform.internal.NoJtaPlatform]
2024-05-02 16:27  INFO [org.springframework.orm.jpa.LocalContainerEntityManagerFactoryBean] Initialized JPA EntityManagerFactory for persistence unit 'default'
2024-05-02 16:27  INFO [org.springframework.security.web.DefaultSecurityFilterChain] Will secure any request with [org.springframework.security.web.session.DisableEncodeUrlFilter@63e40188, org.springframework.security.web.context.request.async.WebAsyncManagerIntegrationFilter@5b3c2a9f, org.springframework.security.web.context.SecurityContextPersistenceFilter@423d662a, org.springframework.security.web.header.HeaderWriterFilter@2eb31735, org.springframework.web.filter.CorsFilter@535b4dbf, org.springframework.security.web.authentication.logout.LogoutFilter@7ec75228, project.local.controller.sign.jwt.JWTFilter@4f571c0e, project.local.controller.sign.jwt.LoginFilter@c7cbc2d, org.springframework.security.web.savedrequest.RequestCacheAwareFilter@4a249610, org.springframework.security.web.servletapi.SecurityContextHolderAwareRequestFilter@22cf1808, org.springframework.security.web.authentication.AnonymousAuthenticationFilter@36ae17ef, org.springframework.security.web.session.SessionManagementFilter@24f77077, org.springframework.security.web.access.ExceptionTranslationFilter@565030b7, org.springframework.security.web.access.intercept.AuthorizationFilter@75d9b73c]
2024-05-02 16:27  WARN [org.springframework.boot.autoconfigure.orm.jpa.JpaBaseConfiguration$JpaWebConfiguration] spring.jpa.open-in-view is enabled by default. Therefore, database queries may be performed during view rendering. Explicitly configure spring.jpa.open-in-view to disable this warning
2024-05-02 16:27  INFO [org.apache.coyote.http11.Http11NioProtocol] Starting ProtocolHandler ["http-nio-8080"]
2024-05-02 16:27  INFO [org.springframework.boot.web.embedded.tomcat.TomcatWebServer] Tomcat started on port(s): 8080 (http) with context path ''
2024-05-02 16:27  INFO [project.local.LocalApplication] Started LocalApplication in 5.539 seconds (JVM running for 6.283)
2024-05-02 16:27  INFO [org.apache.catalina.core.ContainerBase.[Tomcat].[localhost].[/]] Initializing Spring DispatcherServlet 'dispatcherServlet'
2024-05-02 16:27  INFO [org.springframework.web.servlet.DispatcherServlet] Initializing Servlet 'dispatcherServlet'
2024-05-02 16:27  INFO [org.springframework.web.servlet.DispatcherServlet] Completed initialization in 1 ms
